<?xml version="1.0" encoding="UTF-8"?>
<!-- Generated by org.testng.reporters.JUnitReportReporter -->
<testsuite skipped="0" hostname="DESKTOP-19NCAKV" name="com.sample.Tests.SampleTest" tests="2" failures="0" timestamp="2022-11-02T17:53:25 IST" time="22.141" errors="0">
  <testcase name="sampleTest" time="16.273" classname="com.sample.Tests.SampleTest"/>
  <system-out/>
  <testcase name="byTest" time="5.868" classname="com.sample.Tests.SampleTest"/>
  <system-out/>
</testsuite> <!-- com.sample.Tests.SampleTest -->
