<?xml version="1.0" encoding="UTF-8"?>
<!-- Generated by org.testng.reporters.JUnitReportReporter -->
<testsuite skipped="0" hostname="DESKTOP-19NCAKV" name="com.sample.Tests.SampleTest" tests="2" failures="0" timestamp="2022-10-27T15:42:37 IST" time="12.126" errors="0">
  <testcase name="sampleTest" time="7.479" classname="com.sample.Tests.SampleTest"/>
  <system-out/>
  <testcase name="byTest" time="4.647" classname="com.sample.Tests.SampleTest"/>
  <system-out/>
</testsuite> <!-- com.sample.Tests.SampleTest -->
