<?xml version="1.0" encoding="UTF-8"?>
<!-- Generated by org.testng.reporters.JUnitReportReporter -->
<testsuite hostname="DESKTOP-F90IL16" failures="0" tests="2" name="com.sample.Tests.SampleTest" time="20.007" errors="0" timestamp="2022-10-26T19:26:25 IST" skipped="0">
  <testcase classname="com.sample.Tests.SampleTest" name="byTest" time="7.554"/>
  <system-out/>
  <testcase classname="com.sample.Tests.SampleTest" name="sampleTest" time="12.453"/>
  <system-out/>
</testsuite> <!-- com.sample.Tests.SampleTest -->
